<?xml version="1.0" encoding="UTF-8"?>
<!-- Generated by org.testng.reporters.JUnitReportReporter -->
<testsuite hostname="DESKTOP-2JQ4EAS" failures="0" tests="10" name="testClass.EMRTest" time="65.392" errors="0" timestamp="2022-11-09T17:58:22 IST" skipped="0">
  <testcase classname="testClass.EMRTest" name="verifyTitleOfEMRPage" time="0.069"/>
  <system-out/>
  <testcase classname="testClass.EMRTest" name="addPatientDemographic" time="2.464"/>
  <system-out/>
  <testcase classname="testClass.EMRTest" name="verifyPatientDetails" time="0.304"/>
  <system-out/>
  <testcase classname="testClass.EMRTest" name="clickOnConfirmBtn" time="0.257"/>
  <system-out/>
  <testcase classname="testClass.EMRTest" name="verifyDOBisCorrectOrNot" time="7.585"/>
  <system-out/>
  <testcase classname="testClass.EMRTest" name="clickOnStartVisit" time="19.289"/>
  <system-out/>
  <testcase classname="testClass.EMRTest" name="goToVerifyVital" time="3.669"/>
  <system-out/>
  <testcase classname="testClass.EMRTest" name="collectVital" time="19.100"/>
  <system-out/>
  <testcase classname="testClass.EMRTest" name="mergeVital" time="11.721"/>
  <system-out/>
  <testcase classname="testClass.EMRTest" name="checkCalenderandDeleteRecord" time="0.934"/>
  <system-out/>
</testsuite> <!-- testClass.EMRTest -->
