<?xml version="1.0" encoding="UTF-8"?>
<!-- Generated by org.testng.reporters.JUnitReportReporter -->
<testsuite hostname="DESKTOP-2JQ4EAS" failures="0" tests="6" name="testClass.EMRTest" time="15.889" errors="0" timestamp="2022-11-07T17:26:04 IST" skipped="0">
  <testcase classname="testClass.EMRTest" name="verifyTitleOfEMRPage" time="0.020"/>
  <system-out/>
  <testcase classname="testClass.EMRTest" name="addPatientDemographic" time="1.464"/>
  <system-out/>
  <testcase classname="testClass.EMRTest" name="verifyPatientDetails" time="0.129"/>
  <system-out/>
  <testcase classname="testClass.EMRTest" name="clickOnConfirmBtn" time="0.113"/>
  <system-out/>
  <testcase classname="testClass.EMRTest" name="verifyDOBisCorrectOrNot" time="5.484"/>
  <system-out/>
  <testcase classname="testClass.EMRTest" name="clickOnStartVisit" time="8.679"/>
  <system-out/>
</testsuite> <!-- testClass.EMRTest -->
