<?xml version="1.0" encoding="UTF-8"?>
<!-- Generated by org.testng.reporters.JUnitReportReporter -->
<testsuite hostname="DESKTOP-2JQ4EAS" failures="0" tests="3" name="testClass.LoginTest" time="7.904" errors="0" timestamp="2022-11-06T22:19:17 IST" skipped="0">
  <testcase classname="testClass.LoginTest" name="verifyUrlofLoginPage" time="0.016"/>
  <system-out/>
  <testcase classname="testClass.LoginTest" name="verifyTitleofLoginPage" time="0.012"/>
  <system-out/>
  <testcase classname="testClass.LoginTest" name="verifyLoginPage" time="7.876"/>
  <system-out/>
</testsuite> <!-- testClass.LoginTest -->
